{
  "RSpec": {
    "coverage": {
      "/home/alpha-archive-9352/tic-tac-toe-rb-online-web-sp-000/lib/tic_tac_toe.rb": [
        null,
        1,
        7,
        7,
        7,
        7,
        7,
        null,
        null,
        null,
        1,
        8,
        null,
        null,
        1,
        6,
        null,
        null,
        1,
        5,
        null,
        null,
        1,
        6,
        null,
        null,
        1,
        3,
        3,
        3,
        3,
        2,
        2,
        null,
        1,
        null,
        null,
        null,
        null,
        null,
        1,
        14,
        14,
        126,
        14,
        null,
        null,
        14,
        null,
        null,
        null,
        1,
        3,
        null,
        null,
        1,
        12,
        10,
        10,
        10,
        2,
        0,
        2,
        2,
        null,
        null,
        null,
        null,
        1,
        null,
        null,
        null,
        null,
        null,
        null,
        null,
        null,
        null,
        1,
        67,
        373,
        373,
        373,
        null,
        373,
        373,
        373,
        null,
        373,
        21,
        352,
        9,
        null,
        null,
        37,
        null,
        null,
        1,
        180,
        null,
        null,
        1,
        13,
        6,
        null,
        7,
        null,
        null,
        null,
        1,
        17,
        1,
        16,
        3,
        13,
        8,
        null,
        5,
        null,
        null,
        null,
        1,
        5,
        5,
        5,
        null,
        null,
        2,
        1,
        1,
        null,
        1,
        1,
        null,
        null,
        null
      ]
    },
    "timestamp": 1571448078
  }
}
