{
  "RSpec": {
    "coverage": {
      "/home/alpha-archive-9352/tic-tac-toe-rb-online-web-sp-000/lib/tic_tac_toe.rb": [
        null,
        1,
        24,
        24,
        24,
        24,
        24,
        null,
        null,
        null,
        1,
        9340,
        null,
        null,
        1,
        9338,
        null,
        null,
        1,
        22,
        null,
        null,
        1,
        9338,
        null,
        null,
        1,
        9336,
        9335,
        9335,
        9335,
        19,
        19,
        null,
        9316,
        null,
        null,
        null,
        null,
        null,
        1,
        21,
        21,
        189,
        33,
        null,
        null,
        21,
        null,
        null,
        null,
        1,
        20,
        null,
        null,
        1,
        12,
        18,
        17,
        null,
        null,
        11,
        5,
        6,
        2,
        null,
        null,
        null,
        null,
        1,
        null,
        null,
        null,
        null,
        null,
        null,
        null,
        null,
        null,
        1,
        98,
        678,
        678,
        678,
        null,
        678,
        678,
        678,
        null,
        678,
        21,
        657,
        6,
        null,
        null,
        71,
        null,
        null,
        1,
        264,
        null,
        null,
        1,
        25,
        4,
        null,
        21,
        null,
        null,
        null,
        1,
        21,
        1,
        20,
        3,
        17,
        5,
        null,
        12,
        null,
        null,
        null,
        1,
        7,
        7,
        7,
        null,
        null,
        6,
        4,
        4,
        null,
        2,
        2,
        null,
        null,
        null
      ]
    },
    "timestamp": 1571450655
  }
}
